[2022-05-27 22:25:28] Текст ошибки: I have many error! | Файл /home/mysuperd/test.howto.by/public_html/index.php | Строка: 16
==============
[2022-05-27 22:25:28] Текст ошибки: Undefined variable $reponce | Файл /home/mysuperd/test.howto.by/vendor/aruka/ErrorHandler.php | Строка: 56
==============
[2022-05-27 22:25:29] Текст ошибки: I have many error! | Файл /home/mysuperd/test.howto.by/public_html/index.php | Строка: 16
==============
[2022-05-27 22:25:29] Текст ошибки: Undefined variable $reponce | Файл /home/mysuperd/test.howto.by/vendor/aruka/ErrorHandler.php | Строка: 56
==============
[2022-05-27 22:26:22] Текст ошибки: I have many error! | Файл /home/mysuperd/test.howto.by/public_html/index.php | Строка: 16
==============
[2022-05-27 22:26:22] Текст ошибки: Uncaught Error: Undefined constant "aruka\DEBUNG" in /home/mysuperd/test.howto.by/vendor/aruka/ErrorHandler.php:56
Stack trace:
#0 /home/mysuperd/test.howto.by/vendor/aruka/ErrorHandler.php(42): aruka\ErrorHandler->displayError()
#1 [internal function]: aruka\ErrorHandler->exceptionHandler()
#2 {main}
  thrown | Файл /home/mysuperd/test.howto.by/vendor/aruka/ErrorHandler.php | Строка: 56
==============
[2022-05-27 22:26:22] Текст ошибки: I have many error! | Файл /home/mysuperd/test.howto.by/public_html/index.php | Строка: 16
==============
[2022-05-27 22:26:22] Текст ошибки: Uncaught Error: Undefined constant "aruka\DEBUNG" in /home/mysuperd/test.howto.by/vendor/aruka/ErrorHandler.php:56
Stack trace:
#0 /home/mysuperd/test.howto.by/vendor/aruka/ErrorHandler.php(42): aruka\ErrorHandler->displayError()
#1 [internal function]: aruka\ErrorHandler->exceptionHandler()
#2 {main}
  thrown | Файл /home/mysuperd/test.howto.by/vendor/aruka/ErrorHandler.php | Строка: 56
==============
[2022-05-27 22:27:03] Текст ошибки: I have many error! | Файл /home/mysuperd/test.howto.by/public_html/index.php | Строка: 16
==============
[2022-05-27 22:27:03] Текст ошибки: I have many error! | Файл /home/mysuperd/test.howto.by/public_html/index.php | Строка: 16
==============
[2022-05-27 22:30:51] Текст ошибки: I have many error! | Файл /home/mysuperd/test.howto.by/public_html/index.php | Строка: 16
==============
[2022-05-27 22:33:05] Текст ошибки: I have many error! | Файл /home/mysuperd/test.howto.by/public_html/index.php | Строка: 16
==============
[2022-05-27 22:33:06] Текст ошибки: I have many error! | Файл /home/mysuperd/test.howto.by/public_html/index.php | Строка: 16
==============
[2022-05-27 22:33:06] Текст ошибки: I have many error! | Файл /home/mysuperd/test.howto.by/public_html/index.php | Строка: 16
==============
[2022-05-27 22:33:07] Текст ошибки: I have many error! | Файл /home/mysuperd/test.howto.by/public_html/index.php | Строка: 16
==============
[2022-05-27 22:33:07] Текст ошибки: I have many error! | Файл /home/mysuperd/test.howto.by/public_html/index.php | Строка: 16
==============
[2022-05-27 22:33:07] Текст ошибки: I have many error! | Файл /home/mysuperd/test.howto.by/public_html/index.php | Строка: 16
==============
[2022-05-27 22:33:08] Текст ошибки: I have many error! | Файл /home/mysuperd/test.howto.by/public_html/index.php | Строка: 16
==============
[2022-05-27 22:33:08] Текст ошибки: I have many error! | Файл /home/mysuperd/test.howto.by/public_html/index.php | Строка: 16
==============
[2022-05-27 22:33:08] Текст ошибки: I have many error! | Файл /home/mysuperd/test.howto.by/public_html/index.php | Строка: 16
==============
[2022-05-27 22:33:08] Текст ошибки: I have many error! | Файл /home/mysuperd/test.howto.by/public_html/index.php | Строка: 16
==============
[2022-05-27 22:33:21] Текст ошибки: I have many error! | Файл /home/mysuperd/test.howto.by/public_html/index.php | Строка: 16
==============
[2022-05-27 22:33:35] Текст ошибки: I have many error! | Файл /home/mysuperd/test.howto.by/public_html/index.php | Строка: 16
==============
